<?xml version="1.0" encoding="UTF-8"?>
<!-- Generated by org.testng.reporters.JUnitReportReporter -->
<testsuite hostname="DESKTOP-MST78UA" failures="0" tests="1" name="com.OHRM.TestScripts.OHRMLoginTest" time="120.146" errors="0" timestamp="2025-08-17T00:29:17 IST" skipped="0">
  <testcase classname="com.OHRM.TestScripts.OHRMLoginTest" name="loginTest" time="120.146"/>
</testsuite> <!-- com.OHRM.TestScripts.OHRMLoginTest -->
